0 info it worked if it ends with ok
1 verbose cli [ '/Users/jance/.nvm/versions/node/v6.4.0/bin/node',
1 verbose cli   '/Users/jance/.nvm/versions/node/v6.4.0/bin/npm',
1 verbose cli   'run',
1 verbose cli   'commit' ]
2 info using npm@3.10.3
3 info using node@v6.4.0
4 verbose run-script [ 'precommit', 'commit', 'postcommit' ]
5 info lifecycle jancedemo@0.0.0-development~precommit: jancedemo@0.0.0-development
6 silly lifecycle jancedemo@0.0.0-development~precommit: no script for precommit, continuing
7 info lifecycle jancedemo@0.0.0-development~commit: jancedemo@0.0.0-development
8 verbose lifecycle jancedemo@0.0.0-development~commit: unsafe-perm in lifecycle true
9 verbose lifecycle jancedemo@0.0.0-development~commit: PATH: /Users/jance/.nvm/versions/node/v6.4.0/lib/node_modules/npm/bin/node-gyp-bin:/Users/jance/workspace/demo/node_modules/.bin:/Users/jance/.nvm/versions/node/v6.4.0/bin:/Users/jance/.rvm/gems/ruby-1.9.3-p547/bin:/Users/jance/.rvm/gems/ruby-1.9.3-p547@global/bin:/Users/jance/.rvm/rubies/ruby-1.9.3-p547/bin:/Users/jance/.nvm/versions/node/v6.4.0/bin:/Library/Frameworks/Python.framework/Versions/3.4/bin:/Users/jance/bin:/usr/local/bin:/usr/local/bin:/usr/bin:/bin:/usr/sbin:/sbin:/usr/local/mysql/bin:/opt/X11/bin:/usr/local/go/bin:/usr/local/Cellar/gettext/0.19.4/bin:/Users/jance/workspace/play-1.2.7:/usr/local/Cellar/phantomjs/2.0.0/bin:/usr/local/go/bin:/Users/jance/go/bin:/Users/jance/.rvm/bin
10 verbose lifecycle jancedemo@0.0.0-development~commit: CWD: /Users/jance/workspace/demo
11 silly lifecycle jancedemo@0.0.0-development~commit: Args: [ '-c', 'git-cz' ]
12 silly lifecycle jancedemo@0.0.0-development~commit: Returned: code: 1  signal: null
13 info lifecycle jancedemo@0.0.0-development~commit: Failed to exec commit script
14 verbose stack Error: jancedemo@0.0.0-development commit: `git-cz`
14 verbose stack Exit status 1
14 verbose stack     at EventEmitter.<anonymous> (/Users/jance/.nvm/versions/node/v6.4.0/lib/node_modules/npm/lib/utils/lifecycle.js:242:16)
14 verbose stack     at emitTwo (events.js:106:13)
14 verbose stack     at EventEmitter.emit (events.js:191:7)
14 verbose stack     at ChildProcess.<anonymous> (/Users/jance/.nvm/versions/node/v6.4.0/lib/node_modules/npm/lib/utils/spawn.js:40:14)
14 verbose stack     at emitTwo (events.js:106:13)
14 verbose stack     at ChildProcess.emit (events.js:191:7)
14 verbose stack     at maybeClose (internal/child_process.js:852:16)
14 verbose stack     at Process.ChildProcess._handle.onexit (internal/child_process.js:215:5)
15 verbose pkgid jancedemo@0.0.0-development
16 verbose cwd /Users/jance/workspace/demo
17 error Darwin 16.3.0
18 error argv "/Users/jance/.nvm/versions/node/v6.4.0/bin/node" "/Users/jance/.nvm/versions/node/v6.4.0/bin/npm" "run" "commit"
19 error node v6.4.0
20 error npm  v3.10.3
21 error code ELIFECYCLE
22 error jancedemo@0.0.0-development commit: `git-cz`
22 error Exit status 1
23 error Failed at the jancedemo@0.0.0-development commit script 'git-cz'.
23 error Make sure you have the latest version of node.js and npm installed.
23 error If you do, this is most likely a problem with the jancedemo package,
23 error not with npm itself.
23 error Tell the author that this fails on your system:
23 error     git-cz
23 error You can get information on how to open an issue for this project with:
23 error     npm bugs jancedemo
23 error Or if that isn't available, you can get their info via:
23 error     npm owner ls jancedemo
23 error There is likely additional logging output above.
24 verbose exit [ 1, true ]
